2025-08-27 21:23:18.391 [info] Reading sessions from keychain...
2025-08-27 21:23:18.514 [info] Getting sessions for all scopes...
2025-08-27 21:23:19.100 [info] Got 0 sessions for ...
2025-08-27 21:23:19.101 [info] Getting sessions for all scopes...
2025-08-27 21:23:19.101 [info] Got 0 sessions for ...
2025-08-27 21:23:19.101 [info] Getting sessions for all scopes...
2025-08-27 21:23:19.101 [info] Got 0 sessions for ...
2025-08-27 21:23:19.101 [info] Getting sessions for all scopes...
2025-08-27 21:23:19.101 [info] Got 0 sessions for ...
2025-08-27 21:23:19.102 [info] Getting sessions for all scopes...
2025-08-27 21:23:19.102 [info] Got 0 sessions for ...
2025-08-27 21:23:19.102 [info] Getting sessions for all scopes...
2025-08-27 21:23:19.102 [info] Got 0 sessions for ...
2025-08-27 21:23:19.102 [info] Getting sessions for all scopes...
2025-08-27 21:23:19.102 [info] Got 0 sessions for ...
2025-08-27 21:23:19.657 [info] Getting sessions for all scopes...
2025-08-27 21:23:19.657 [info] Got 0 sessions for ...
2025-08-27 21:23:19.657 [info] Getting sessions for all scopes...
2025-08-27 21:23:19.657 [info] Got 0 sessions for ...
2025-08-27 21:23:19.658 [info] Getting sessions for all scopes...
2025-08-27 21:23:19.658 [info] Got 0 sessions for ...
2025-08-27 21:23:19.677 [info] Getting sessions for all scopes...
2025-08-27 21:23:19.678 [info] Got 0 sessions for ...
2025-08-27 21:23:19.692 [info] Getting sessions for all scopes...
2025-08-27 21:23:19.692 [info] Got 0 sessions for ...
2025-08-27 21:23:19.693 [info] Getting sessions for all scopes...
2025-08-27 21:23:19.693 [info] Got 0 sessions for ...
2025-08-27 21:23:19.727 [info] Getting sessions for all scopes...
2025-08-27 21:23:19.727 [info] Got 0 sessions for ...
2025-08-27 21:23:30.345 [info] Getting sessions for user:email...
2025-08-27 21:23:30.345 [info] Got 0 sessions for user:email...
2025-08-27 21:23:33.531 [info] Getting sessions for all scopes...
2025-08-27 21:23:33.531 [info] Got 0 sessions for ...
2025-08-27 21:23:33.802 [info] Getting sessions for all scopes...
2025-08-27 21:23:33.804 [info] Got 0 sessions for ...
2025-08-27 21:23:33.805 [info] Getting sessions for all scopes...
2025-08-27 21:23:33.805 [info] Got 0 sessions for ...
2025-08-27 21:23:33.806 [info] Getting sessions for all scopes...
2025-08-27 21:23:33.806 [info] Got 0 sessions for ...
2025-08-27 21:23:33.912 [info] Getting sessions for codespace,read:user,repo,user:email...
2025-08-27 21:23:33.912 [info] Got 0 sessions for codespace,read:user,repo,user:email...
2025-08-27 21:23:35.622 [info] Getting sessions for codespace,read:user,repo,user:email...
2025-08-27 21:23:35.622 [info] Got 0 sessions for codespace,read:user,repo,user:email...
2025-08-27 21:23:36.142 [info] Getting sessions for all scopes...
2025-08-27 21:23:36.142 [info] Got 0 sessions for ...
