2025-08-27 21:23:06.283 [warning] Via 'product.json#extensionEnabledApiProposals' extension 'ms-vsliveshare.vsliveshare' wants API proposal 'notebookCellExecutionState' but that proposal DOES NOT EXIST. Likely, the proposal has been finalized (check 'vscode.d.ts') or was abandoned.
2025-08-27 21:23:06.311 [warning] Via 'product.json#extensionEnabledApiProposals' extension 'ms-python.gather' wants API proposal 'notebookCellExecutionState' but that proposal DOES NOT EXIST. Likely, the proposal has been finalized (check 'vscode.d.ts') or was abandoned.
2025-08-27 21:23:06.311 [warning] Via 'product.json#extensionEnabledApiProposals' extension 'ms-python.vscode-pylance' wants API proposal 'mcpConfigurationProvider' but that proposal DOES NOT EXIST. Likely, the proposal has been finalized (check 'vscode.d.ts') or was abandoned.
2025-08-27 21:23:07.915 [info] Started local extension host with pid 6713.
2025-08-27 21:23:20.826 [warning] Creation of workbench contribution 'chat.simpleBrowser.overlay' took 166ms.
2025-08-27 21:23:23.714 [info] Extension host (LocalProcess pid: 6713) is unresponsive.
2025-08-27 21:23:30.006 [error] [Extension Host] (node:6713) [DEP0060] DeprecationWarning: The `util._extend` API is deprecated. Please use Object.assign() instead.
(Use `exe --trace-deprecation ...` to show where the warning was created)
2025-08-27 21:23:30.132 [info] Extension host (LocalProcess pid: 6713) is responsive.
2025-08-27 21:23:30.517 [info] Settings Sync: Account status changed from uninitialized to unavailable
2025-08-27 21:23:31.906 [info] [perf] Render performance baseline is 160ms
2025-08-27 21:23:36.683 [error] [UriError]: Scheme contains illegal characters.: Error: [UriError]: Scheme contains illegal characters.
    at R7 (file:///usr/share/code/resources/app/out/main.js:30:63994)
    at new sd (file:///usr/share/code/resources/app/out/main.js:30:67374)
    at new Ur (file:///usr/share/code/resources/app/out/main.js:30:68812)
    at sd.revive (file:///usr/share/code/resources/app/out/main.js:30:68589)
    at G4.call (file:///usr/share/code/resources/app/out/main.js:85:104940)
    at If.s (file:///usr/share/code/resources/app/out/main.js:31:14859)
    at If.q (file:///usr/share/code/resources/app/out/main.js:31:14382)
    at Yo.value (file:///usr/share/code/resources/app/out/main.js:31:13784)
    at D.C (file:///usr/share/code/resources/app/out/main.js:30:2373)
    at D (file:///usr/share/code/resources/app/out/main.js:30:2443)
    at D.fire (file:///usr/share/code/resources/app/out/main.js:30:2660)
    at Yo.value (file:///usr/share/code/resources/app/out/main.js:28:4852)
    at D.C (file:///usr/share/code/resources/app/out/main.js:30:2373)
    at D.fire (file:///usr/share/code/resources/app/out/main.js:30:2591)
    at Yo.value (file:///usr/share/code/resources/app/out/main.js:28:5040)
    at D.C (file:///usr/share/code/resources/app/out/main.js:30:2373)
    at D.fire (file:///usr/share/code/resources/app/out/main.js:30:2591)
    at z (file:///usr/share/code/resources/app/out/main.js:28:7334)
    at IpcMainImpl.i (file:///usr/share/code/resources/app/out/main.js:33:21024)
    at IpcMainImpl.emit (node:events:518:28)
    at Session.<anonymous> (node:electron/js2c/browser_init:2:106370)
    at Session.emit (node:events:518:28)
2025-08-27 21:26:43.859 [error] An unknown error occurred. Please consult the log for more details.
2025-08-27 21:29:21.548 [error] Unable to resolve text model content for resource vscode-notebook-cell:Untitled-1.ipynb?jupyter-notebook#W0sdW50aXRsZWQ%3D: Error: Unable to resolve text model content for resource vscode-notebook-cell:Untitled-1.ipynb?jupyter-notebook#W0sdW50aXRsZWQ%3D
    at aKe.u (vscode-file://vscode-app/usr/share/code/resources/app/out/vs/workbench/workbench.desktop.main.js:1226:22394)
    at async aKe.r (vscode-file://vscode-app/usr/share/code/resources/app/out/vs/workbench/workbench.desktop.main.js:1226:21424)
    at async gLt.acquire (vscode-file://vscode-app/usr/share/code/resources/app/out/vs/workbench/workbench.desktop.main.js:27:3125)
    at async lKe.createModelReference (vscode-file://vscode-app/usr/share/code/resources/app/out/vs/workbench/workbench.desktop.main.js:1226:22890)
    at async OHe.H (vscode-file://vscode-app/usr/share/code/resources/app/out/vs/workbench/workbench.desktop.main.js:492:19808)
