2025-08-28 00:11:43.305 [info] Reading sessions from keychain...
2025-08-28 00:11:43.305 [info] Getting sessions for all scopes...
2025-08-28 00:11:43.305 [info] Got 0 sessions for ...
2025-08-28 00:11:43.305 [info] Getting sessions for all scopes...
2025-08-28 00:11:43.305 [info] Got 0 sessions for ...
2025-08-28 00:11:43.305 [info] Getting sessions for all scopes...
2025-08-28 00:11:43.305 [info] Got 0 sessions for ...
2025-08-28 00:11:43.305 [info] Getting sessions for all scopes...
2025-08-28 00:11:43.305 [info] Got 0 sessions for ...
2025-08-28 00:11:43.305 [info] Getting sessions for all scopes...
2025-08-28 00:11:43.306 [info] Got 0 sessions for ...
2025-08-28 00:11:43.306 [info] Getting sessions for all scopes...
2025-08-28 00:11:43.306 [info] Got 0 sessions for ...
2025-08-28 00:11:43.306 [info] Getting sessions for all scopes...
2025-08-28 00:11:43.306 [info] Got 0 sessions for ...
2025-08-28 00:11:43.306 [info] Getting sessions for all scopes...
2025-08-28 00:11:43.306 [info] Got 0 sessions for ...
2025-08-28 00:11:43.306 [info] Getting sessions for all scopes...
2025-08-28 00:11:43.306 [info] Got 0 sessions for ...
2025-08-28 00:11:43.306 [info] Getting sessions for all scopes...
2025-08-28 00:11:43.306 [info] Got 0 sessions for ...
2025-08-28 00:11:43.306 [info] Getting sessions for all scopes...
2025-08-28 00:11:43.306 [info] Got 0 sessions for ...
2025-08-28 00:11:43.306 [info] Getting sessions for all scopes...
2025-08-28 00:11:43.306 [info] Got 0 sessions for ...
2025-08-28 00:11:43.306 [info] Getting sessions for all scopes...
2025-08-28 00:11:43.306 [info] Got 0 sessions for ...
2025-08-28 00:11:43.306 [info] Getting sessions for all scopes...
2025-08-28 00:11:43.306 [info] Got 0 sessions for ...
2025-08-28 00:11:43.306 [info] Getting sessions for all scopes...
2025-08-28 00:11:43.306 [info] Got 0 sessions for ...
2025-08-28 00:11:43.306 [info] Getting sessions for all scopes...
2025-08-28 00:11:43.306 [info] Got 0 sessions for ...
2025-08-28 00:11:43.306 [info] Getting sessions for all scopes...
2025-08-28 00:11:43.306 [info] Got 0 sessions for ...
2025-08-28 00:11:54.991 [info] Getting sessions for user:email...
2025-08-28 00:11:54.991 [info] Got 0 sessions for user:email...
2025-08-28 00:11:55.070 [info] Getting sessions for all scopes...
2025-08-28 00:11:55.070 [info] Got 0 sessions for ...
2025-08-28 00:12:07.503 [info] Getting sessions for user:email...
2025-08-28 00:12:07.503 [info] Got 0 sessions for user:email...
2025-08-28 00:12:07.849 [info] Getting sessions for read:user,repo,user:email,workflow...
2025-08-28 00:12:07.849 [info] Got 0 sessions for read:user,repo,user:email,workflow...
2025-08-28 00:12:11.301 [info] Getting sessions for all scopes...
2025-08-28 00:12:11.301 [info] Got 0 sessions for ...
2025-08-28 00:12:11.302 [info] Getting sessions for all scopes...
2025-08-28 00:12:11.302 [info] Got 0 sessions for ...
2025-08-28 00:12:11.303 [info] Getting sessions for all scopes...
2025-08-28 00:12:11.303 [info] Got 0 sessions for ...
2025-08-28 00:12:11.628 [info] Getting sessions for codespace,read:user,repo,user:email...
2025-08-28 00:12:11.628 [info] Got 0 sessions for codespace,read:user,repo,user:email...
2025-08-28 00:12:11.789 [info] Getting sessions for all scopes...
2025-08-28 00:12:11.789 [info] Got 0 sessions for ...
2025-08-28 00:12:15.124 [info] Getting sessions for codespace,read:user,repo,user:email...
2025-08-28 00:12:15.124 [info] Got 0 sessions for codespace,read:user,repo,user:email...
2025-08-28 00:12:15.151 [info] Getting sessions for all scopes...
2025-08-28 00:12:15.151 [info] Got 0 sessions for ...
2025-08-28 00:12:15.268 [info] Getting sessions for user:email...
2025-08-28 00:12:15.268 [info] Got 0 sessions for user:email...
2025-08-28 00:12:15.349 [info] Getting sessions for all scopes...
2025-08-28 00:12:15.349 [info] Got 0 sessions for ...
2025-08-28 00:12:15.349 [info] Getting sessions for read:user,repo,user:email,workflow...
2025-08-28 00:12:15.350 [info] Got 0 sessions for read:user,repo,user:email,workflow...
2025-08-28 00:12:15.370 [info] Getting sessions for all scopes...
2025-08-28 00:12:15.370 [info] Got 0 sessions for ...
2025-08-28 00:12:15.375 [info] Getting sessions for all scopes...
2025-08-28 00:12:15.376 [info] Got 0 sessions for ...
2025-08-28 00:12:15.376 [info] Getting sessions for read:user...
2025-08-28 00:12:15.376 [info] Got 0 sessions for read:user...
2025-08-28 00:12:15.380 [info] Getting sessions for user:email...
2025-08-28 00:12:15.380 [info] Got 0 sessions for user:email...
2025-08-28 00:12:15.386 [info] Getting sessions for user:email...
2025-08-28 00:12:15.387 [info] Got 0 sessions for user:email...
2025-08-28 00:12:15.528 [info] Getting sessions for all scopes...
2025-08-28 00:12:15.528 [info] Got 0 sessions for ...
2025-08-28 00:12:16.742 [info] Getting sessions for user:email...
2025-08-28 00:12:16.742 [info] Got 0 sessions for user:email...
2025-08-28 00:12:27.125 [info] Getting sessions for all scopes...
2025-08-28 00:12:27.135 [info] Got 0 sessions for ...
2025-08-28 00:12:27.495 [info] Getting sessions for read:user,repo,user:email,workflow...
2025-08-28 00:12:27.495 [info] Got 0 sessions for read:user,repo,user:email,workflow...
2025-08-28 00:12:27.496 [info] Getting sessions for all scopes...
2025-08-28 00:12:27.496 [info] Got 0 sessions for ...
2025-08-28 00:12:27.643 [info] Getting sessions for read:user...
2025-08-28 00:12:27.643 [info] Got 0 sessions for read:user...
2025-08-28 00:12:27.666 [info] Getting sessions for user:email...
2025-08-28 00:12:27.666 [info] Got 0 sessions for user:email...
2025-08-28 00:12:28.543 [info] Getting sessions for all scopes...
2025-08-28 00:12:28.543 [info] Got 0 sessions for ...
2025-08-28 00:12:28.549 [info] Getting sessions for user:email...
2025-08-28 00:12:28.549 [info] Got 0 sessions for user:email...
2025-08-28 00:12:28.986 [info] Getting sessions for all scopes...
2025-08-28 00:12:28.986 [info] Got 0 sessions for ...
2025-08-28 00:13:11.791 [info] Getting sessions for read:user,repo,user:email,workflow...
2025-08-28 00:13:11.792 [info] Got 0 sessions for read:user,repo,user:email,workflow...
2025-08-28 00:13:11.808 [info] Getting sessions for read:user...
2025-08-28 00:13:11.808 [info] Got 0 sessions for read:user...
2025-08-28 00:13:11.821 [info] Getting sessions for user:email...
2025-08-28 00:13:11.821 [info] Got 0 sessions for user:email...
2025-08-28 00:13:13.872 [info] Getting sessions for read:user,repo,user:email,workflow...
2025-08-28 00:13:13.872 [info] Got 0 sessions for read:user,repo,user:email,workflow...
2025-08-28 00:13:13.915 [info] Getting sessions for read:user...
2025-08-28 00:13:13.915 [info] Got 0 sessions for read:user...
2025-08-28 00:13:13.922 [info] Getting sessions for user:email...
2025-08-28 00:13:13.922 [info] Got 0 sessions for user:email...
