[Client I] GitHub Codespaces version 1.17.3
[Client I] isRunningInWeb: "false"
[Client V] Initializing authentication
[Authentication I] Did not find existing login session
[Authentication I] Did not find existing login session
[API I] Signing out due to unsuccessful sign in attempt
[Authentication I] Did not find existing login session
[API E] featureFlags: listCodespaces error. No response received.
[Client:extension:dbfb I] initializing
[Client:extension:dbfb:resolver I] created with protocol "codespaces"
[RemoteExplorer I] Updating codespace performance info
[DevContainerJsonSupport I] Initializing devcontainer.json support package
[DevContainerJsonSupport V] [2025-08-27T14:57:39.501Z] Internal initialization of dev container support package...

[Client I] Jupyter API registered? false
[Command:Connect I] Decorator starting: ErrorNotification
[Command:Connect I] Decorator starting: Telemetry
[Authentication I] Successfully signed in
[API I] Successfully signed in
[Authentication V] Already signed in
[Authentication V] Already signed in
[Authentication V] Already signed in
[RemoteExplorer I] Updating codespace performance info
[RemoteExplorer I] Updating codespace performance info
[RemoteExplorer I] Updating codespace performance info
[RemoteExplorer I] Updating codespace performance info
[RemoteExplorer I] Updating codespace performance info
[Command:Connect E] Command [Connect to Codespace]: Connect to Codespace Failure:  (88248ms)
[Command:Connect I] Decorator finishing: Telemetry. Duration: 46ms (1 + 45)
[Command:Connect I] Decorator finishing: ErrorNotification. Duration: 1ms (1 + 0)
[Client:extension:dbfb:resolver V] disposing reason: 'vscode disposed the resolver', disposing 1 objects
