0 verbose cli /usr/bin/node /usr/bin/npm
1 info using npm@10.8.2
2 info using node@v20.19.4
3 silly config load:file:/usr/lib/node_modules/npm/npmrc
4 silly config load:file:/home/mailboxkishan/excel_project/.npmrc
5 silly config load:file:/home/mailboxkishan/.npmrc
6 silly config load:file:/usr/etc/npmrc
7 verbose title npm install xlsx
8 verbose argv "install" "xlsx"
9 verbose logfile logs-max:10 dir:/home/mailboxkishan/.npm/_logs/2025-08-28T17_13_51_071Z-
10 verbose logfile /home/mailboxkishan/.npm/_logs/2025-08-28T17_13_51_071Z-debug-0.log
11 silly packumentCache heap:1490550784 maxSize:372637696 maxEntrySize:186318848
12 silly logfile done cleaning log files
13 silly idealTree buildDeps
14 silly fetch manifest xlsx@*
15 silly packumentCache full:https://registry.npmjs.org/xlsx cache-miss
16 http fetch GET 200 https://registry.npmjs.org/xlsx 35ms (cache hit)
17 silly packumentCache full:https://registry.npmjs.org/xlsx set size:332281 disposed:false
18 silly placeDep ROOT xlsx@0.18.5 OK for: excel_project@1.0.0 want: *
19 silly fetch manifest cfb@~1.2.1
20 silly packumentCache full:https://registry.npmjs.org/cfb cache-miss
21 http fetch GET 200 https://registry.npmjs.org/cfb 8ms (cache hit)
22 silly packumentCache full:https://registry.npmjs.org/cfb set size:69780 disposed:false
23 silly fetch manifest ssf@~0.11.2
24 silly packumentCache full:https://registry.npmjs.org/ssf cache-miss
25 http fetch GET 200 https://registry.npmjs.org/ssf 5ms (cache hit)
26 silly packumentCache full:https://registry.npmjs.org/ssf set size:61050 disposed:false
27 silly fetch manifest wmf@~1.0.1
28 silly packumentCache full:https://registry.npmjs.org/wmf cache-miss
29 http fetch GET 200 https://registry.npmjs.org/wmf 7ms (cache hit)
30 silly packumentCache full:https://registry.npmjs.org/wmf set size:24420 disposed:false
31 silly fetch manifest word@~0.3.0
32 silly packumentCache full:https://registry.npmjs.org/word cache-miss
33 http fetch GET 200 https://registry.npmjs.org/word 6ms (cache hit)
34 silly packumentCache full:https://registry.npmjs.org/word set size:16914 disposed:false
35 silly fetch manifest crc-32@~1.2.1
36 silly packumentCache full:https://registry.npmjs.org/crc-32 cache-miss
37 http fetch GET 200 https://registry.npmjs.org/crc-32 15ms (cache hit)
38 silly packumentCache full:https://registry.npmjs.org/crc-32 set size:32170 disposed:false
39 silly fetch manifest adler-32@~1.3.0
40 silly packumentCache full:https://registry.npmjs.org/adler-32 cache-miss
41 http fetch GET 200 https://registry.npmjs.org/adler-32 7ms (cache hit)
42 silly packumentCache full:https://registry.npmjs.org/adler-32 set size:22708 disposed:false
43 silly fetch manifest codepage@~1.15.0
44 silly packumentCache full:https://registry.npmjs.org/codepage cache-miss
45 http fetch GET 200 https://registry.npmjs.org/codepage 9ms (cache hit)
46 silly packumentCache full:https://registry.npmjs.org/codepage set size:75780 disposed:false
47 silly placeDep ROOT adler-32@1.3.1 OK for: xlsx@0.18.5 want: ~1.3.0
48 silly placeDep ROOT cfb@1.2.2 OK for: xlsx@0.18.5 want: ~1.2.1
49 silly placeDep ROOT codepage@1.15.0 OK for: xlsx@0.18.5 want: ~1.15.0
50 silly placeDep ROOT crc-32@1.2.2 OK for: xlsx@0.18.5 want: ~1.2.1
51 silly placeDep ROOT ssf@0.11.2 OK for: xlsx@0.18.5 want: ~0.11.2
52 silly placeDep ROOT wmf@1.0.2 OK for: xlsx@0.18.5 want: ~1.0.1
53 silly placeDep ROOT word@0.3.0 OK for: xlsx@0.18.5 want: ~0.3.0
54 silly fetch manifest crc-32@~1.2.0
55 silly packumentCache full:https://registry.npmjs.org/crc-32 cache-hit
56 silly fetch manifest frac@~1.1.2
57 silly packumentCache full:https://registry.npmjs.org/frac cache-miss
58 http fetch GET 200 https://registry.npmjs.org/frac 8ms (cache hit)
59 silly packumentCache full:https://registry.npmjs.org/frac set size:21080 disposed:false
60 silly placeDep ROOT frac@1.1.2 OK for: ssf@0.11.2 want: ~1.1.2
61 silly reify moves {}
62 silly audit bulk request {
62 silly audit   xlsx: [ '0.18.5' ],
62 silly audit   'adler-32': [ '1.3.1' ],
62 silly audit   cfb: [ '1.2.2' ],
62 silly audit   codepage: [ '1.15.0' ],
62 silly audit   'crc-32': [ '1.2.2' ],
62 silly audit   ssf: [ '0.11.2' ],
62 silly audit   wmf: [ '1.0.2' ],
62 silly audit   word: [ '0.3.0' ],
62 silly audit   frac: [ '1.1.2' ]
62 silly audit }
63 silly tarball no local data for frac@https://registry.npmjs.org/frac/-/frac-1.1.2.tgz. Extracting by manifest.
64 silly tarball no local data for word@https://registry.npmjs.org/word/-/word-0.3.0.tgz. Extracting by manifest.
65 silly tarball no local data for wmf@https://registry.npmjs.org/wmf/-/wmf-1.0.2.tgz. Extracting by manifest.
66 silly tarball no local data for ssf@https://registry.npmjs.org/ssf/-/ssf-0.11.2.tgz. Extracting by manifest.
67 silly tarball no local data for crc-32@https://registry.npmjs.org/crc-32/-/crc-32-1.2.2.tgz. Extracting by manifest.
68 silly tarball no local data for codepage@https://registry.npmjs.org/codepage/-/codepage-1.15.0.tgz. Extracting by manifest.
69 silly tarball no local data for adler-32@https://registry.npmjs.org/adler-32/-/adler-32-1.3.1.tgz. Extracting by manifest.
70 silly tarball no local data for cfb@https://registry.npmjs.org/cfb/-/cfb-1.2.2.tgz. Extracting by manifest.
71 silly tarball no local data for xlsx@https://registry.npmjs.org/xlsx/-/xlsx-0.18.5.tgz. Extracting by manifest.
72 http fetch GET 200 https://registry.npmjs.org/frac/-/frac-1.1.2.tgz 447ms (cache miss)
73 http fetch GET 200 https://registry.npmjs.org/crc-32/-/crc-32-1.2.2.tgz 456ms (cache miss)
74 http fetch GET 200 https://registry.npmjs.org/word/-/word-0.3.0.tgz 466ms (cache miss)
75 http fetch GET 200 https://registry.npmjs.org/adler-32/-/adler-32-1.3.1.tgz 465ms (cache miss)
76 http fetch GET 200 https://registry.npmjs.org/ssf/-/ssf-0.11.2.tgz 547ms (cache miss)
77 http fetch POST 200 https://registry.npmjs.org/-/npm/v1/security/advisories/bulk 721ms
78 silly audit report {
78 silly audit report   xlsx: [
78 silly audit report     {
78 silly audit report       id: 1094599,
78 silly audit report       url: 'https://github.com/advisories/GHSA-4r6h-8v6p-xvw6',
78 silly audit report       title: 'Prototype Pollution in sheetJS',
78 silly audit report       severity: 'high',
78 silly audit report       vulnerable_versions: '<0.19.3',
78 silly audit report       cwe: [Array],
78 silly audit report       cvss: [Object]
78 silly audit report     },
78 silly audit report     {
78 silly audit report       id: 1096911,
78 silly audit report       url: 'https://github.com/advisories/GHSA-5pgg-2g8v-p4x9',
78 silly audit report       title: 'SheetJS Regular Expression Denial of Service (ReDoS)',
78 silly audit report       severity: 'high',
78 silly audit report       vulnerable_versions: '<0.20.2',
78 silly audit report       cwe: [Array],
78 silly audit report       cvss: [Object]
78 silly audit report     }
78 silly audit report   ]
78 silly audit report }
79 silly packumentCache corgi:https://registry.npmjs.org/xlsx cache-miss
80 http fetch GET 200 https://registry.npmjs.org/wmf/-/wmf-1.0.2.tgz 625ms (cache miss)
81 http fetch GET 200 https://registry.npmjs.org/cfb/-/cfb-1.2.2.tgz 669ms (cache miss)
82 http fetch GET 200 https://registry.npmjs.org/xlsx/-/xlsx-0.18.5.tgz 1451ms (cache miss)
83 http fetch GET 200 https://registry.npmjs.org/xlsx 1021ms (cache miss)
84 silly packumentCache corgi:https://registry.npmjs.org/xlsx set size:undefined disposed:false
85 http fetch GET 200 https://registry.npmjs.org/codepage/-/codepage-1.15.0.tgz 1701ms (cache miss)
86 silly ADD node_modules/frac
87 silly ADD node_modules/word
88 silly ADD node_modules/wmf
89 silly ADD node_modules/ssf
90 silly ADD node_modules/crc-32
91 silly ADD node_modules/codepage
92 silly ADD node_modules/cfb
93 silly ADD node_modules/adler-32
94 silly ADD node_modules/xlsx
95 verbose cwd /home/mailboxkishan/excel_project
96 verbose os Linux 6.6.76-08096-g300882a0a131
97 verbose node v20.19.4
98 verbose npm  v10.8.2
99 verbose exit 0
100 info ok
