2025-08-27 20:26:08.125 [info] Started initializing default profile extensions in extensions installation folder. file:///home/mailboxkishan/.vscode/extensions
2025-08-27 20:26:09.396 [warning] Failed to create default profile extensions manifest in extensions installation folder. file:///home/mailboxkishan/.vscode/extensions Unable to create file 'vscode-userdata:/home/mailboxkishan/.vscode/extensions/extensions.json' that already exists when overwrite flag is not set
2025-08-27 20:26:09.396 [info] Completed initializing default profile extensions in extensions installation folder. file:///home/mailboxkishan/.vscode/extensions
2025-08-27 20:27:23.951 [info] Getting Manifest... github.codespaces
2025-08-27 20:27:24.038 [info] Installing extension: github.codespaces {"isMachineScoped":false,"donotIncludePackAndDependencies":false,"context":{"skipWalkthrough":true},"pinned":false,"profileLocation":{"$mid":1,"external":"vscode-userdata:/home/mailboxkishan/.vscode/extensions/extensions.json","path":"/home/mailboxkishan/.vscode/extensions/extensions.json","scheme":"vscode-userdata"},"isApplicationScoped":false,"productVersion":{"version":"1.103.2","date":"2025-08-20T16:45:34.255Z"}}
2025-08-27 20:27:30.239 [info] Extension signature verification result for github.codespaces: Success. Internal Code: 0. Executed: true. Duration: 3650ms.
2025-08-27 20:27:31.375 [info] Extracted extension to file:///home/mailboxkishan/.vscode/extensions/github.codespaces-1.17.3: github.codespaces
2025-08-27 20:27:31.431 [info] Renamed to /home/mailboxkishan/.vscode/extensions/github.codespaces-1.17.3
2025-08-27 20:27:31.514 [info] Extension installed successfully: github.codespaces vscode-userdata:/home/mailboxkishan/.vscode/extensions/extensions.json
2025-08-27 20:31:19.750 [info] Getting Manifest... ms-python.python
2025-08-27 20:31:19.882 [info] Installing extension: ms-python.python {"isMachineScoped":false,"profileLocation":{"$mid":1,"external":"vscode-userdata:/home/mailboxkishan/.vscode/extensions/extensions.json","path":"/home/mailboxkishan/.vscode/extensions/extensions.json","scheme":"vscode-userdata"},"isApplicationScoped":false,"productVersion":{"version":"1.103.2","date":"2025-08-20T16:45:34.255Z"}}
2025-08-27 20:31:22.639 [info] Getting Manifest... ms-python.vscode-python-envs
2025-08-27 20:31:22.671 [info] Getting Manifest... ms-python.vscode-pylance
2025-08-27 20:31:22.711 [info] Getting Manifest... ms-python.debugpy
2025-08-27 20:31:22.739 [info] Installing extension: ms-python.vscode-python-envs {"isMachineScoped":false,"profileLocation":{"$mid":1,"external":"vscode-userdata:/home/mailboxkishan/.vscode/extensions/extensions.json","path":"/home/mailboxkishan/.vscode/extensions/extensions.json","scheme":"vscode-userdata"},"isApplicationScoped":false,"productVersion":{"version":"1.103.2","date":"2025-08-20T16:45:34.255Z"},"pinned":false,"installGivenVersion":false,"context":{"dependecyOrPackExtensionInstall":true}}
2025-08-27 20:31:22.740 [info] Installing extension: ms-python.vscode-pylance {"isMachineScoped":false,"profileLocation":{"$mid":1,"external":"vscode-userdata:/home/mailboxkishan/.vscode/extensions/extensions.json","path":"/home/mailboxkishan/.vscode/extensions/extensions.json","scheme":"vscode-userdata"},"isApplicationScoped":false,"productVersion":{"version":"1.103.2","date":"2025-08-20T16:45:34.255Z"},"pinned":false,"installGivenVersion":false,"context":{"dependecyOrPackExtensionInstall":true}}
2025-08-27 20:31:22.741 [info] Installing extension: ms-python.debugpy {"isMachineScoped":false,"profileLocation":{"$mid":1,"external":"vscode-userdata:/home/mailboxkishan/.vscode/extensions/extensions.json","path":"/home/mailboxkishan/.vscode/extensions/extensions.json","scheme":"vscode-userdata"},"isApplicationScoped":false,"productVersion":{"version":"1.103.2","date":"2025-08-20T16:45:34.255Z"},"pinned":false,"installGivenVersion":false,"context":{"dependecyOrPackExtensionInstall":true}}
2025-08-27 20:31:42.982 [info] Extension signature verification result for ms-python.vscode-python-envs: Success. Internal Code: 0. Executed: true. Duration: 9238ms.
2025-08-27 20:31:43.382 [info] Extension signature verification result for ms-python.debugpy: Success. Internal Code: 0. Executed: true. Duration: 7564ms.
2025-08-27 20:31:43.434 [info] Extension signature verification result for ms-python.python: Success. Internal Code: 0. Executed: true. Duration: 7838ms.
2025-08-27 20:31:46.411 [info] Extracted extension to file:///home/mailboxkishan/.vscode/extensions/ms-python.vscode-python-envs-1.2.0-linux-x64: ms-python.vscode-python-envs
2025-08-27 20:31:46.709 [info] Renamed to /home/mailboxkishan/.vscode/extensions/ms-python.vscode-python-envs-1.2.0-linux-x64
2025-08-27 20:31:50.740 [info] Extracted extension to file:///home/mailboxkishan/.vscode/extensions/ms-python.debugpy-2025.10.0-linux-x64: ms-python.debugpy
2025-08-27 20:31:50.991 [info] Renamed to /home/mailboxkishan/.vscode/extensions/ms-python.debugpy-2025.10.0-linux-x64
2025-08-27 20:31:53.384 [info] Extension signature verification result for ms-python.vscode-pylance: Success. Internal Code: 0. Executed: true. Duration: 4707ms.
2025-08-27 20:32:01.516 [info] Extracted extension to file:///home/mailboxkishan/.vscode/extensions/ms-python.python-2025.12.0-linux-x64: ms-python.python
2025-08-27 20:32:02.111 [info] Renamed to /home/mailboxkishan/.vscode/extensions/ms-python.python-2025.12.0-linux-x64
2025-08-27 20:32:21.884 [info] Extracted extension to file:///home/mailboxkishan/.vscode/extensions/ms-python.vscode-pylance-2025.7.1: ms-python.vscode-pylance
2025-08-27 20:32:23.084 [info] Renamed to /home/mailboxkishan/.vscode/extensions/ms-python.vscode-pylance-2025.7.1
2025-08-27 20:32:23.157 [info] Extension installed successfully: ms-python.vscode-python-envs vscode-userdata:/home/mailboxkishan/.vscode/extensions/extensions.json
2025-08-27 20:32:23.158 [info] Extension installed successfully: ms-python.debugpy vscode-userdata:/home/mailboxkishan/.vscode/extensions/extensions.json
2025-08-27 20:32:23.158 [info] Extension installed successfully: ms-python.python vscode-userdata:/home/mailboxkishan/.vscode/extensions/extensions.json
2025-08-27 20:32:23.158 [info] Extension installed successfully: ms-python.vscode-pylance vscode-userdata:/home/mailboxkishan/.vscode/extensions/extensions.json
