2025-08-27 22:48:07.736 [info] Reading sessions from keychain...
2025-08-27 22:48:07.952 [info] Getting sessions for all scopes...
2025-08-27 22:48:07.960 [info] Got 0 sessions for ...
2025-08-27 22:48:07.960 [info] Getting sessions for all scopes...
2025-08-27 22:48:07.963 [info] Got 0 sessions for ...
2025-08-27 22:48:07.964 [info] Getting sessions for all scopes...
2025-08-27 22:48:07.964 [info] Got 0 sessions for ...
2025-08-27 22:48:07.964 [info] Getting sessions for all scopes...
2025-08-27 22:48:07.965 [info] Got 0 sessions for ...
2025-08-27 22:48:07.967 [info] Getting sessions for all scopes...
2025-08-27 22:48:07.967 [info] Got 0 sessions for ...
2025-08-27 22:48:07.970 [info] Getting sessions for all scopes...
2025-08-27 22:48:07.970 [info] Got 0 sessions for ...
2025-08-27 22:48:07.970 [info] Getting sessions for all scopes...
2025-08-27 22:48:07.970 [info] Got 0 sessions for ...
2025-08-27 22:48:07.970 [info] Getting sessions for all scopes...
2025-08-27 22:48:07.970 [info] Got 0 sessions for ...
2025-08-27 22:48:08.101 [info] Getting sessions for all scopes...
2025-08-27 22:48:08.103 [info] Got 0 sessions for ...
2025-08-27 22:48:08.107 [info] Getting sessions for all scopes...
2025-08-27 22:48:08.107 [info] Got 0 sessions for ...
2025-08-27 22:48:08.107 [info] Getting sessions for all scopes...
2025-08-27 22:48:08.107 [info] Got 0 sessions for ...
2025-08-27 22:48:08.115 [info] Getting sessions for all scopes...
2025-08-27 22:48:08.115 [info] Got 0 sessions for ...
2025-08-27 22:48:08.115 [info] Getting sessions for all scopes...
2025-08-27 22:48:08.115 [info] Got 0 sessions for ...
2025-08-27 22:48:08.116 [info] Getting sessions for all scopes...
2025-08-27 22:48:08.116 [info] Got 0 sessions for ...
2025-08-27 22:48:23.094 [info] Getting sessions for user:email...
2025-08-27 22:48:23.095 [info] Got 0 sessions for user:email...
2025-08-27 22:48:23.117 [info] Getting sessions for all scopes...
2025-08-27 22:48:23.117 [info] Got 0 sessions for ...
2025-08-27 22:48:27.180 [info] Getting sessions for all scopes...
2025-08-27 22:48:27.180 [info] Got 0 sessions for ...
2025-08-27 22:48:27.181 [info] Getting sessions for all scopes...
2025-08-27 22:48:27.181 [info] Got 0 sessions for ...
2025-08-27 22:48:27.182 [info] Getting sessions for all scopes...
2025-08-27 22:48:27.182 [info] Got 0 sessions for ...
2025-08-27 22:48:28.770 [info] Getting sessions for codespace,read:user,repo,user:email...
2025-08-27 22:48:28.770 [info] Got 0 sessions for codespace,read:user,repo,user:email...
2025-08-27 22:48:29.600 [info] Getting sessions for codespace,read:user,repo,user:email...
2025-08-27 22:48:29.600 [info] Got 0 sessions for codespace,read:user,repo,user:email...
2025-08-27 22:48:32.018 [info] Getting sessions for all scopes...
2025-08-27 22:48:32.018 [info] Got 0 sessions for ...
2025-08-27 22:50:56.557 [info] Logging in with 'any' account...
2025-08-27 22:50:56.557 [info] Logging in for the following scopes: user:email
2025-08-27 22:50:57.199 [info] Trying with local server... (user:email)
2025-08-27 22:51:04.916 [info] Exchanging code for token...
2025-08-27 22:51:05.748 [info] Token exchange success!
2025-08-27 22:51:05.754 [info] Getting user info...
2025-08-27 22:51:06.335 [info] Got account info!
2025-08-27 22:51:06.336 [info] Storing 1 sessions...
2025-08-27 22:51:22.443 [info] Reading sessions from keychain...
2025-08-27 22:51:22.445 [info] Stored 1 sessions!
2025-08-27 22:51:22.449 [info] Login success!
2025-08-27 22:51:22.582 [info] Got stored sessions!
2025-08-27 22:51:22.582 [info] Got 1 verified sessions.
2025-08-27 22:51:22.585 [info] Getting sessions for all scopes...
2025-08-27 22:51:22.585 [info] Got 1 sessions for ...
2025-08-27 22:51:22.612 [info] Getting sessions for all scopes...
2025-08-27 22:51:22.612 [info] Got 1 sessions for ...
2025-08-27 22:51:22.612 [info] Getting sessions for user:email...
2025-08-27 22:51:22.621 [info] Got 1 sessions for user:email...
2025-08-27 22:51:22.626 [info] Getting sessions for all scopes...
2025-08-27 22:51:22.626 [info] Got 1 sessions for ...
2025-08-27 22:51:22.715 [info] Getting sessions for codespace,read:user,repo,user:email...
2025-08-27 22:51:22.716 [info] Got 0 sessions for codespace,read:user,repo,user:email...
2025-08-27 22:52:10.736 [info] Getting sessions for all scopes...
2025-08-27 22:52:10.737 [info] Got 1 sessions for ...
2025-08-27 22:52:10.894 [info] Getting sessions for all scopes...
2025-08-27 22:52:10.894 [info] Got 1 sessions for ...
2025-08-27 22:52:13.082 [info] Getting sessions for read:user,repo,user:email,workflow...
2025-08-27 22:52:13.082 [info] Got 0 sessions for read:user,repo,user:email,workflow...
2025-08-27 22:52:13.084 [info] Getting sessions for all scopes...
2025-08-27 22:52:13.084 [info] Got 1 sessions for ...
2025-08-27 22:52:14.126 [info] Getting sessions for all scopes...
2025-08-27 22:52:14.128 [info] Got 1 sessions for ...
2025-08-27 22:52:14.128 [info] Getting sessions for read:user,repo,user:email,workflow...
2025-08-27 22:52:14.128 [info] Got 0 sessions for read:user,repo,user:email,workflow...
2025-08-27 22:52:14.396 [info] Getting sessions for user:email...
2025-08-27 22:52:14.396 [info] Got 1 sessions for user:email...
2025-08-27 22:52:14.401 [info] Getting sessions for read:user,repo,user:email,workflow...
2025-08-27 22:52:14.401 [info] Got 0 sessions for read:user,repo,user:email,workflow...
2025-08-27 22:52:14.432 [info] Getting sessions for read:user...
2025-08-27 22:52:14.432 [info] Got 0 sessions for read:user...
2025-08-27 22:52:14.445 [info] Getting sessions for all scopes...
2025-08-27 22:52:14.445 [info] Got 1 sessions for ...
2025-08-27 22:52:14.448 [info] Getting sessions for all scopes...
2025-08-27 22:52:14.448 [info] Got 1 sessions for ...
2025-08-27 22:52:14.465 [info] Getting sessions for user:email...
2025-08-27 22:52:14.465 [info] Got 1 sessions for user:email...
2025-08-27 22:52:14.492 [info] Getting sessions for read:user,repo,user:email,workflow...
2025-08-27 22:52:14.492 [info] Got 0 sessions for read:user,repo,user:email,workflow...
2025-08-27 22:52:14.788 [info] Getting sessions for user:email...
2025-08-27 22:52:14.789 [info] Got 1 sessions for user:email...
2025-08-27 22:52:15.083 [info] Getting sessions for all scopes...
2025-08-27 22:52:15.083 [info] Got 1 sessions for ...
2025-08-27 22:52:15.115 [info] Getting sessions for read:user,repo,user:email,workflow...
2025-08-27 22:52:15.115 [info] Got 0 sessions for read:user,repo,user:email,workflow...
2025-08-27 22:52:15.118 [info] Getting sessions for user:email...
2025-08-27 22:52:15.119 [info] Got 1 sessions for user:email...
2025-08-27 22:52:16.185 [info] Getting sessions for all scopes...
2025-08-27 22:52:16.185 [info] Got 1 sessions for ...
2025-08-27 22:52:16.185 [info] Getting sessions for all scopes...
2025-08-27 22:52:16.185 [info] Got 1 sessions for ...
2025-08-27 22:52:16.219 [info] Getting sessions for read:user,repo,user:email,workflow...
2025-08-27 22:52:16.219 [info] Got 0 sessions for read:user,repo,user:email,workflow...
2025-08-27 22:52:16.223 [info] Getting sessions for user:email...
2025-08-27 22:52:16.223 [info] Got 1 sessions for user:email...
2025-08-27 22:52:16.226 [info] Getting sessions for read:user,repo,user:email,workflow...
2025-08-27 22:52:16.226 [info] Got 0 sessions for read:user,repo,user:email,workflow...
2025-08-27 22:52:16.236 [info] Getting sessions for all scopes...
2025-08-27 22:52:16.236 [info] Got 1 sessions for ...
2025-08-27 22:52:16.241 [info] Getting sessions for read:user,repo,user:email,workflow...
2025-08-27 22:52:16.241 [info] Got 0 sessions for read:user,repo,user:email,workflow...
2025-08-27 22:52:16.248 [info] Getting sessions for user:email...
2025-08-27 22:52:16.248 [info] Got 1 sessions for user:email...
2025-08-27 22:52:17.000 [info] Getting sessions for all scopes...
2025-08-27 22:52:17.000 [info] Got 1 sessions for ...
2025-08-27 22:52:17.009 [info] Getting sessions for all scopes...
2025-08-27 22:52:17.010 [info] Got 1 sessions for ...
2025-08-27 22:52:17.123 [info] Getting sessions for read:user,repo,user:email,workflow...
2025-08-27 22:52:17.123 [info] Got 0 sessions for read:user,repo,user:email,workflow...
2025-08-27 22:52:17.129 [info] Getting sessions for user:email...
2025-08-27 22:52:17.129 [info] Got 1 sessions for user:email...
2025-08-27 22:52:17.134 [info] Getting sessions for read:user,repo,user:email,workflow...
2025-08-27 22:52:17.134 [info] Got 0 sessions for read:user,repo,user:email,workflow...
2025-08-27 22:52:17.161 [info] Getting sessions for all scopes...
2025-08-27 22:52:17.161 [info] Got 1 sessions for ...
2025-08-27 22:52:17.168 [info] Getting sessions for all scopes...
2025-08-27 22:52:17.168 [info] Got 1 sessions for ...
2025-08-27 22:52:17.170 [info] Getting sessions for all scopes...
2025-08-27 22:52:17.170 [info] Got 1 sessions for ...
2025-08-27 22:52:17.178 [info] Getting sessions for read:user,repo,user:email,workflow...
2025-08-27 22:52:17.178 [info] Got 0 sessions for read:user,repo,user:email,workflow...
2025-08-27 22:52:17.181 [info] Getting sessions for user:email...
2025-08-27 22:52:17.181 [info] Got 1 sessions for user:email...
2025-08-27 22:52:19.716 [info] Getting sessions for all scopes...
2025-08-27 22:52:19.716 [info] Got 1 sessions for ...
2025-08-27 22:52:22.405 [info] Getting sessions for all scopes...
2025-08-27 22:52:22.408 [info] Got 1 sessions for ...
2025-08-27 22:52:22.417 [info] Getting sessions for read:user,repo,user:email,workflow...
2025-08-27 22:52:22.417 [info] Got 0 sessions for read:user,repo,user:email,workflow...
2025-08-27 22:52:22.424 [info] Getting sessions for user:email...
2025-08-27 22:52:22.424 [info] Got 1 sessions for user:email...
2025-08-27 22:52:23.633 [info] Getting sessions for all scopes...
2025-08-27 22:52:23.633 [info] Got 1 sessions for ...
2025-08-27 22:52:23.636 [info] Getting sessions for read:user,repo,user:email,workflow...
2025-08-27 22:52:23.636 [info] Got 0 sessions for read:user,repo,user:email,workflow...
2025-08-27 22:52:23.639 [info] Getting sessions for user:email...
2025-08-27 22:52:23.639 [info] Got 1 sessions for user:email...
2025-08-27 22:52:27.259 [info] Getting sessions for all scopes...
2025-08-27 22:52:27.259 [info] Got 1 sessions for ...
2025-08-27 22:52:27.267 [info] Getting sessions for read:user,repo,user:email,workflow...
2025-08-27 22:52:27.267 [info] Got 0 sessions for read:user,repo,user:email,workflow...
2025-08-27 22:52:27.272 [info] Getting sessions for user:email...
2025-08-27 22:52:27.272 [info] Got 1 sessions for user:email...
2025-08-27 22:52:38.325 [info] Getting sessions for all scopes...
2025-08-27 22:52:38.325 [info] Got 1 sessions for ...
2025-08-27 22:52:38.330 [info] Getting sessions for read:user,repo,user:email,workflow...
2025-08-27 22:52:38.330 [info] Got 0 sessions for read:user,repo,user:email,workflow...
2025-08-27 22:52:38.338 [info] Getting sessions for user:email...
2025-08-27 22:52:38.338 [info] Got 1 sessions for user:email...
2025-08-27 22:52:39.087 [info] Getting sessions for all scopes...
2025-08-27 22:52:39.087 [info] Got 1 sessions for ...
2025-08-27 22:52:39.090 [info] Getting sessions for read:user,repo,user:email,workflow...
2025-08-27 22:52:39.090 [info] Got 0 sessions for read:user,repo,user:email,workflow...
2025-08-27 22:52:39.092 [info] Getting sessions for read:user,repo,user:email,workflow...
2025-08-27 22:52:39.092 [info] Got 0 sessions for read:user,repo,user:email,workflow...
2025-08-27 22:52:39.109 [info] Getting sessions for all scopes...
2025-08-27 22:52:39.109 [info] Got 1 sessions for ...
2025-08-27 22:52:39.114 [info] Getting sessions for read:user,repo,user:email,workflow...
2025-08-27 22:52:39.115 [info] Got 0 sessions for read:user,repo,user:email,workflow...
2025-08-27 22:52:39.121 [info] Getting sessions for user:email...
2025-08-27 22:52:39.121 [info] Got 1 sessions for user:email...
2025-08-27 22:52:39.189 [info] Getting sessions for all scopes...
2025-08-27 22:52:39.189 [info] Got 1 sessions for ...
2025-08-27 22:52:39.210 [info] Getting sessions for read:user,repo,user:email,workflow...
2025-08-27 22:52:39.210 [info] Got 0 sessions for read:user,repo,user:email,workflow...
2025-08-27 22:52:39.212 [info] Getting sessions for user:email...
2025-08-27 22:52:39.212 [info] Got 1 sessions for user:email...
2025-08-27 22:52:41.223 [info] Getting sessions for all scopes...
2025-08-27 22:52:41.231 [info] Got 1 sessions for ...
2025-08-27 22:52:41.250 [info] Getting sessions for read:user,repo,user:email,workflow...
2025-08-27 22:52:41.250 [info] Got 0 sessions for read:user,repo,user:email,workflow...
2025-08-27 22:52:41.269 [info] Getting sessions for user:email...
2025-08-27 22:52:41.269 [info] Got 1 sessions for user:email...
2025-08-27 22:52:42.338 [info] Getting sessions for all scopes...
2025-08-27 22:52:42.339 [info] Got 1 sessions for ...
2025-08-27 22:52:42.358 [info] Getting sessions for read:user,repo,user:email,workflow...
2025-08-27 22:52:42.358 [info] Got 0 sessions for read:user,repo,user:email,workflow...
2025-08-27 22:52:42.407 [info] Getting sessions for user:email...
2025-08-27 22:52:42.407 [info] Got 1 sessions for user:email...
