2025-08-27 21:23:15.411 [info] Extension host with pid 6713 started
2025-08-27 21:23:17.532 [info] ExtensionService#_doActivateExtension vscode.github-authentication, startup: false, activationEvent: 'onAuthenticationRequest:github'
2025-08-27 21:23:17.818 [info] ExtensionService#_doActivateExtension vscode.ipynb, startup: false, activationEvent: 'onNotebookSerializer:jupyter-notebook'
2025-08-27 21:23:18.052 [info] ExtensionService#_doActivateExtension vscode.git-base, startup: true, activationEvent: '*', root cause: vscode.git
2025-08-27 21:23:18.847 [info] ExtensionService#_doActivateExtension vscode.git, startup: true, activationEvent: '*'
2025-08-27 21:23:19.097 [info] ExtensionService#_doActivateExtension vscode.github, startup: true, activationEvent: '*'
2025-08-27 21:23:19.103 [info] ExtensionService#_doActivateExtension vscode.terminal-suggest, startup: false, activationEvent: 'onTerminalShellIntegration:*'
2025-08-27 21:23:20.137 [info] ExtensionService#_doActivateExtension GitHub.codespaces, startup: false, activationEvent: 'onNotebook:jupyter-notebook'
2025-08-27 21:23:30.546 [info] Eager extensions activated
2025-08-27 21:23:30.581 [info] ExtensionService#_doActivateExtension vscode.debug-auto-launch, startup: false, activationEvent: 'onStartupFinished'
2025-08-27 21:23:30.594 [info] ExtensionService#_doActivateExtension vscode.merge-conflict, startup: false, activationEvent: 'onStartupFinished'
2025-08-27 21:23:30.708 [info] ExtensionService#_doActivateExtension ms-python.python, startup: false, activationEvent: 'onLanguage:python', root cause: ms-python.debugpy
2025-08-27 21:23:31.956 [info] ExtensionService#_doActivateExtension ms-python.vscode-pylance, startup: false, activationEvent: 'onLanguage:python'
2025-08-27 21:23:33.251 [info] ExtensionService#_doActivateExtension ms-python.vscode-python-envs, startup: false, activationEvent: 'onLanguage:python'
2025-08-27 21:23:33.399 [info] ExtensionService#_doActivateExtension vscode.emmet, startup: false, activationEvent: 'onLanguage'
2025-08-27 21:23:34.589 [info] ExtensionService#_doActivateExtension ms-python.debugpy, startup: false, activationEvent: 'onLanguage:python'
2025-08-27 21:23:37.270 [info] ExtensionService#_doActivateExtension vscode.npm, startup: false, activationEvent: 'onTerminalQuickFixRequest:ms-vscode.npm-command'
2025-08-27 21:26:09.174 [info] ExtensionService#_doActivateExtension ms-toolsai.vscode-jupyter-cell-tags, startup: false, activationEvent: 'onNotebook:jupyter-notebook'
2025-08-27 21:26:09.248 [info] ExtensionService#_doActivateExtension ms-toolsai.vscode-jupyter-slideshow, startup: false, activationEvent: 'onNotebook:jupyter-notebook'
2025-08-27 21:26:09.274 [info] ExtensionService#_doActivateExtension ms-toolsai.jupyter, startup: false, activationEvent: 'onLanguage:python'
2025-08-27 21:26:11.002 [info] ExtensionService#_doActivateExtension ms-toolsai.jupyter-renderers, startup: false, activationEvent: 'api', root cause: ms-toolsai.jupyter
2025-08-27 21:26:43.839 [error] Error: The kernel died. Error: /usr/bin/python3: No module named ipykernel_launcher... View Jupyter [log](command:jupyter.viewOutput) for further details.
    at ChildProcess.<anonymous> (/home/mailboxkishan/.vscode/extensions/ms-toolsai.jupyter-2025.7.0-linux-x64/dist/extension.node.js:304:45805)
    at ChildProcess.emit (node:events:530:35)
    at Process.ChildProcess._handle.onexit (node:internal/child_process:293:12)
2025-08-27 21:29:38.070 [info] Extension host terminating: renderer closed the MessagePort
2025-08-27 21:29:38.543 [error] TypeError: Cannot read properties of undefined (reading 'subscriptions')
    at Object.K [as deactivate] (/home/mailboxkishan/.vscode/extensions/ms-python.vscode-python-envs-1.2.0-linux-x64/dist/extension.js:2:618887)
    at LZ.eb (file:///usr/share/code/resources/app/out/vs/workbench/api/node/extensionHostProcess.js:116:11836)
    at file:///usr/share/code/resources/app/out/vs/workbench/api/node/extensionHostProcess.js:116:9986
    at Array.map (<anonymous>)
    at LZ.$ (file:///usr/share/code/resources/app/out/vs/workbench/api/node/extensionHostProcess.js:116:9974)
    at LZ.terminate (file:///usr/share/code/resources/app/out/vs/workbench/api/node/extensionHostProcess.js:116:10217)
    at E3.terminate (file:///usr/share/code/resources/app/out/vs/workbench/api/node/extensionHostProcess.js:118:914)
    at ws (file:///usr/share/code/resources/app/out/vs/workbench/api/node/extensionHostProcess.js:388:10154)
    at MessagePortMain.<anonymous> (file:///usr/share/code/resources/app/out/vs/workbench/api/node/extensionHostProcess.js:388:6693)
    at MessagePortMain.emit (node:events:518:28)
    at Object.MessagePortMain._internalPort.emit (node:electron/js2c/utility_init:2:2949)
2025-08-27 21:29:38.550 [info] Extension host with pid 6713 exiting with code 0
