2025-08-27 21:25:49.176 [info] Getting Manifest... ms-toolsai.jupyter
2025-08-27 21:25:49.329 [info] Installing extension: ms-toolsai.jupyter {"installPreReleaseVersion":false,"context":{"skipWalkthrough":true},"pinned":false,"isMachineScoped":false,"profileLocation":{"$mid":1,"external":"vscode-userdata:/home/mailboxkishan/.vscode/extensions/extensions.json","path":"/home/mailboxkishan/.vscode/extensions/extensions.json","scheme":"vscode-userdata"},"isApplicationScoped":false,"productVersion":{"version":"1.103.2","date":"2025-08-20T16:45:34.255Z"}}
2025-08-27 21:25:50.451 [info] Getting Manifest... ms-toolsai.vscode-jupyter-slideshow
2025-08-27 21:25:50.473 [info] Getting Manifest... ms-toolsai.jupyter-keymap
2025-08-27 21:25:50.491 [info] Getting Manifest... ms-toolsai.vscode-jupyter-cell-tags
2025-08-27 21:25:50.509 [info] Getting Manifest... ms-toolsai.jupyter-renderers
2025-08-27 21:25:50.540 [info] Installing extension: ms-toolsai.vscode-jupyter-slideshow {"installPreReleaseVersion":false,"context":{"skipWalkthrough":true,"dependecyOrPackExtensionInstall":true},"pinned":false,"isMachineScoped":false,"profileLocation":{"$mid":1,"external":"vscode-userdata:/home/mailboxkishan/.vscode/extensions/extensions.json","path":"/home/mailboxkishan/.vscode/extensions/extensions.json","scheme":"vscode-userdata"},"isApplicationScoped":false,"productVersion":{"version":"1.103.2","date":"2025-08-20T16:45:34.255Z"},"installGivenVersion":false}
2025-08-27 21:25:50.541 [info] Installing extension: ms-toolsai.jupyter-keymap {"installPreReleaseVersion":false,"context":{"skipWalkthrough":true,"dependecyOrPackExtensionInstall":true},"pinned":false,"isMachineScoped":false,"profileLocation":{"$mid":1,"external":"vscode-userdata:/home/mailboxkishan/.vscode/extensions/extensions.json","path":"/home/mailboxkishan/.vscode/extensions/extensions.json","scheme":"vscode-userdata"},"isApplicationScoped":false,"productVersion":{"version":"1.103.2","date":"2025-08-20T16:45:34.255Z"},"installGivenVersion":false}
2025-08-27 21:25:50.541 [info] Installing extension: ms-toolsai.vscode-jupyter-cell-tags {"installPreReleaseVersion":false,"context":{"skipWalkthrough":true,"dependecyOrPackExtensionInstall":true},"pinned":false,"isMachineScoped":false,"profileLocation":{"$mid":1,"external":"vscode-userdata:/home/mailboxkishan/.vscode/extensions/extensions.json","path":"/home/mailboxkishan/.vscode/extensions/extensions.json","scheme":"vscode-userdata"},"isApplicationScoped":false,"productVersion":{"version":"1.103.2","date":"2025-08-20T16:45:34.255Z"},"installGivenVersion":false}
2025-08-27 21:25:50.542 [info] Installing extension: ms-toolsai.jupyter-renderers {"installPreReleaseVersion":false,"context":{"skipWalkthrough":true,"dependecyOrPackExtensionInstall":true},"pinned":false,"isMachineScoped":false,"profileLocation":{"$mid":1,"external":"vscode-userdata:/home/mailboxkishan/.vscode/extensions/extensions.json","path":"/home/mailboxkishan/.vscode/extensions/extensions.json","scheme":"vscode-userdata"},"isApplicationScoped":false,"productVersion":{"version":"1.103.2","date":"2025-08-20T16:45:34.255Z"},"installGivenVersion":false}
2025-08-27 21:26:02.256 [info] Extension signature verification result for ms-toolsai.jupyter-keymap: Success. Internal Code: 0. Executed: true. Duration: 10275ms.
2025-08-27 21:26:02.393 [info] Extension signature verification result for ms-toolsai.vscode-jupyter-cell-tags: Success. Internal Code: 0. Executed: true. Duration: 10336ms.
2025-08-27 21:26:02.681 [info] Extracted extension to file:///home/mailboxkishan/.vscode/extensions/ms-toolsai.jupyter-keymap-1.1.2: ms-toolsai.jupyter-keymap
2025-08-27 21:26:02.742 [info] Renamed to /home/mailboxkishan/.vscode/extensions/ms-toolsai.jupyter-keymap-1.1.2
2025-08-27 21:26:03.634 [info] Extension signature verification result for ms-toolsai.vscode-jupyter-slideshow: Success. Internal Code: 0. Executed: true. Duration: 11103ms.
2025-08-27 21:26:03.649 [info] Extracted extension to file:///home/mailboxkishan/.vscode/extensions/ms-toolsai.vscode-jupyter-cell-tags-0.1.9: ms-toolsai.vscode-jupyter-cell-tags
2025-08-27 21:26:03.754 [info] Renamed to /home/mailboxkishan/.vscode/extensions/ms-toolsai.vscode-jupyter-cell-tags-0.1.9
2025-08-27 21:26:04.263 [info] Extracted extension to file:///home/mailboxkishan/.vscode/extensions/ms-toolsai.vscode-jupyter-slideshow-0.1.6: ms-toolsai.vscode-jupyter-slideshow
2025-08-27 21:26:04.344 [info] Renamed to /home/mailboxkishan/.vscode/extensions/ms-toolsai.vscode-jupyter-slideshow-0.1.6
2025-08-27 21:26:04.744 [info] Extension signature verification result for ms-toolsai.jupyter: Success. Internal Code: 0. Executed: true. Duration: 8959ms.
2025-08-27 21:26:05.411 [info] Extension signature verification result for ms-toolsai.jupyter-renderers: Success. Internal Code: 0. Executed: true. Duration: 10737ms.
2025-08-27 21:26:07.396 [info] Extracted extension to file:///home/mailboxkishan/.vscode/extensions/ms-toolsai.jupyter-renderers-1.3.0: ms-toolsai.jupyter-renderers
2025-08-27 21:26:07.464 [info] Renamed to /home/mailboxkishan/.vscode/extensions/ms-toolsai.jupyter-renderers-1.3.0
2025-08-27 21:26:07.627 [info] Extracted extension to file:///home/mailboxkishan/.vscode/extensions/ms-toolsai.jupyter-2025.7.0-linux-x64: ms-toolsai.jupyter
2025-08-27 21:26:07.802 [info] Renamed to /home/mailboxkishan/.vscode/extensions/ms-toolsai.jupyter-2025.7.0-linux-x64
2025-08-27 21:26:07.974 [info] Extension installed successfully: ms-toolsai.jupyter-keymap vscode-userdata:/home/mailboxkishan/.vscode/extensions/extensions.json
2025-08-27 21:26:07.979 [info] Extension installed successfully: ms-toolsai.vscode-jupyter-cell-tags vscode-userdata:/home/mailboxkishan/.vscode/extensions/extensions.json
2025-08-27 21:26:07.980 [info] Extension installed successfully: ms-toolsai.vscode-jupyter-slideshow vscode-userdata:/home/mailboxkishan/.vscode/extensions/extensions.json
2025-08-27 21:26:07.980 [info] Extension installed successfully: ms-toolsai.jupyter-renderers vscode-userdata:/home/mailboxkishan/.vscode/extensions/extensions.json
2025-08-27 21:26:07.984 [info] Extension installed successfully: ms-toolsai.jupyter vscode-userdata:/home/mailboxkishan/.vscode/extensions/extensions.json
