2025-08-27 21:32:46.458 [info] Reading sessions from keychain...
2025-08-27 21:32:46.764 [info] Getting sessions for all scopes...
2025-08-27 21:32:46.826 [info] Got 0 sessions for ...
2025-08-27 21:32:46.826 [info] Getting sessions for all scopes...
2025-08-27 21:32:46.826 [info] Got 0 sessions for ...
2025-08-27 21:32:46.828 [info] Getting sessions for all scopes...
2025-08-27 21:32:46.828 [info] Got 0 sessions for ...
2025-08-27 21:32:47.192 [info] Getting sessions for all scopes...
2025-08-27 21:32:47.193 [info] Got 0 sessions for ...
2025-08-27 21:32:47.193 [info] Getting sessions for all scopes...
2025-08-27 21:32:47.193 [info] Got 0 sessions for ...
2025-08-27 21:32:47.193 [info] Getting sessions for all scopes...
2025-08-27 21:32:47.193 [info] Got 0 sessions for ...
2025-08-27 21:32:47.206 [info] Getting sessions for all scopes...
2025-08-27 21:32:47.206 [info] Got 0 sessions for ...
2025-08-27 21:32:47.207 [info] Getting sessions for all scopes...
2025-08-27 21:32:47.207 [info] Got 0 sessions for ...
2025-08-27 21:32:47.248 [info] Getting sessions for all scopes...
2025-08-27 21:32:47.248 [info] Got 0 sessions for ...
2025-08-27 21:32:47.248 [info] Getting sessions for all scopes...
2025-08-27 21:32:47.248 [info] Got 0 sessions for ...
2025-08-27 21:32:47.250 [info] Getting sessions for all scopes...
2025-08-27 21:32:47.250 [info] Got 0 sessions for ...
2025-08-27 21:32:47.251 [info] Getting sessions for all scopes...
2025-08-27 21:32:47.251 [info] Got 0 sessions for ...
2025-08-27 21:32:47.252 [info] Getting sessions for all scopes...
2025-08-27 21:32:47.252 [info] Got 0 sessions for ...
2025-08-27 21:32:47.257 [info] Getting sessions for all scopes...
2025-08-27 21:32:47.257 [info] Got 0 sessions for ...
2025-08-27 21:32:49.445 [info] Getting sessions for all scopes...
2025-08-27 21:32:49.445 [info] Got 0 sessions for ...
2025-08-27 21:33:07.287 [info] Getting sessions for user:email...
2025-08-27 21:33:07.287 [info] Got 0 sessions for user:email...
2025-08-27 21:33:07.372 [info] Getting sessions for all scopes...
2025-08-27 21:33:07.372 [info] Got 0 sessions for ...
2025-08-27 21:33:27.574 [info] Getting sessions for all scopes...
2025-08-27 21:33:27.574 [info] Got 0 sessions for ...
2025-08-27 21:33:27.583 [info] Getting sessions for all scopes...
2025-08-27 21:33:27.583 [info] Got 0 sessions for ...
2025-08-27 21:33:27.605 [info] Getting sessions for all scopes...
2025-08-27 21:33:27.605 [info] Got 0 sessions for ...
2025-08-27 21:33:32.611 [info] Getting sessions for codespace,read:user,repo,user:email...
2025-08-27 21:33:32.611 [info] Got 0 sessions for codespace,read:user,repo,user:email...
2025-08-27 21:33:37.281 [info] Getting sessions for codespace,read:user,repo,user:email...
2025-08-27 21:33:37.286 [info] Got 0 sessions for codespace,read:user,repo,user:email...
2025-08-27 21:33:39.985 [info] Getting sessions for all scopes...
2025-08-27 21:33:39.985 [info] Got 0 sessions for ...
