2025-08-27 20:26:11.070 [info] Reading sessions from keychain...
2025-08-27 20:26:11.070 [info] Getting sessions for all scopes...
2025-08-27 20:26:11.070 [info] Got 0 sessions for ...
2025-08-27 20:26:11.070 [info] Getting sessions for all scopes...
2025-08-27 20:26:11.070 [info] Got 0 sessions for ...
2025-08-27 20:26:11.070 [info] Getting sessions for all scopes...
2025-08-27 20:26:11.070 [info] Got 0 sessions for ...
2025-08-27 20:26:11.070 [info] Getting sessions for all scopes...
2025-08-27 20:26:11.070 [info] Got 0 sessions for ...
2025-08-27 20:26:11.070 [info] Getting sessions for all scopes...
2025-08-27 20:26:11.070 [info] Got 0 sessions for ...
2025-08-27 20:26:11.070 [info] Getting sessions for all scopes...
2025-08-27 20:26:11.070 [info] Got 0 sessions for ...
2025-08-27 20:26:11.070 [info] Getting sessions for all scopes...
2025-08-27 20:26:11.070 [info] Got 0 sessions for ...
2025-08-27 20:26:11.070 [info] Getting sessions for all scopes...
2025-08-27 20:26:11.070 [info] Got 0 sessions for ...
2025-08-27 20:26:11.070 [info] Getting sessions for all scopes...
2025-08-27 20:26:11.070 [info] Got 0 sessions for ...
2025-08-27 20:26:11.070 [info] Getting sessions for all scopes...
2025-08-27 20:26:11.070 [info] Got 0 sessions for ...
2025-08-27 20:26:11.070 [info] Getting sessions for all scopes...
2025-08-27 20:26:11.070 [info] Got 0 sessions for ...
2025-08-27 20:26:11.070 [info] Getting sessions for all scopes...
2025-08-27 20:26:11.070 [info] Got 0 sessions for ...
2025-08-27 20:26:11.070 [info] Getting sessions for all scopes...
2025-08-27 20:26:11.070 [info] Got 0 sessions for ...
2025-08-27 20:26:11.070 [info] Getting sessions for all scopes...
2025-08-27 20:26:11.070 [info] Got 0 sessions for ...
2025-08-27 20:26:14.359 [info] Getting sessions for all scopes...
2025-08-27 20:26:14.359 [info] Got 0 sessions for ...
2025-08-27 20:26:15.925 [info] Getting sessions for all scopes...
2025-08-27 20:26:15.925 [info] Got 0 sessions for ...
2025-08-27 20:26:15.927 [info] Getting sessions for all scopes...
2025-08-27 20:26:15.927 [info] Got 0 sessions for ...
2025-08-27 20:26:15.967 [info] Getting sessions for all scopes...
2025-08-27 20:26:15.967 [info] Got 0 sessions for ...
2025-08-27 20:27:38.962 [info] Getting sessions for codespace,read:user,repo,user:email...
2025-08-27 20:27:38.962 [info] Got 0 sessions for codespace,read:user,repo,user:email...
2025-08-27 20:27:39.038 [info] Getting sessions for codespace,read:user,repo,user:email...
2025-08-27 20:27:39.038 [info] Got 0 sessions for codespace,read:user,repo,user:email...
2025-08-27 20:27:39.551 [info] Getting sessions for codespace,read:user,repo,user:email...
2025-08-27 20:27:39.551 [info] Got 0 sessions for codespace,read:user,repo,user:email...
2025-08-27 20:27:40.205 [info] Logging in with 'any' account...
2025-08-27 20:27:40.206 [info] Logging in for the following scopes: codespace read:user repo user:email
2025-08-27 20:27:40.286 [info] Trying with local server... (codespace read:user repo user:email)
2025-08-27 20:28:48.127 [info] Exchanging code for token...
2025-08-27 20:28:48.841 [info] Token exchange success!
2025-08-27 20:28:48.972 [info] Getting user info...
2025-08-27 20:28:49.614 [info] Got account info!
2025-08-27 20:28:49.617 [info] Storing 1 sessions...
2025-08-27 20:29:02.047 [info] Reading sessions from keychain...
2025-08-27 20:29:02.048 [info] Stored 1 sessions!
2025-08-27 20:29:02.060 [info] Login success!
2025-08-27 20:29:02.098 [info] Got stored sessions!
2025-08-27 20:29:02.100 [info] Got 1 verified sessions.
2025-08-27 20:29:02.114 [info] Getting sessions for all scopes...
2025-08-27 20:29:02.114 [info] Got 1 sessions for ...
2025-08-27 20:29:02.144 [info] Getting sessions for all scopes...
2025-08-27 20:29:02.145 [info] Got 1 sessions for ...
2025-08-27 20:29:02.159 [info] Getting sessions for all scopes...
2025-08-27 20:29:02.159 [info] Got 1 sessions for ...
2025-08-27 20:29:02.167 [info] Getting sessions for all scopes...
2025-08-27 20:29:02.167 [info] Got 1 sessions for ...
2025-08-27 20:29:02.414 [info] Getting sessions for all scopes...
2025-08-27 20:29:02.414 [info] Got 1 sessions for ...
2025-08-27 20:29:02.415 [info] Getting sessions for all scopes...
2025-08-27 20:29:02.415 [info] Got 1 sessions for ...
2025-08-27 20:29:02.429 [info] Getting sessions for codespace,read:user,repo,user:email...
2025-08-27 20:29:02.430 [info] Got 1 sessions for codespace,read:user,repo,user:email...
2025-08-27 20:32:23.539 [info] Getting sessions for all scopes...
2025-08-27 20:32:23.560 [info] Got 1 sessions for ...
2025-08-27 20:32:29.392 [info] Getting sessions for all scopes...
2025-08-27 20:32:29.392 [info] Got 1 sessions for ...
2025-08-27 20:56:49.048 [info] Getting sessions for user:email...
2025-08-27 20:56:49.055 [info] Got 0 sessions for user:email...
2025-08-27 20:56:49.974 [info] Getting sessions for all scopes...
2025-08-27 20:56:49.975 [info] Got 1 sessions for ...
2025-08-27 20:56:52.905 [info] Logging in with 'any' account...
2025-08-27 20:56:52.905 [info] Logging in for the following scopes: user:email
2025-08-27 20:56:52.913 [info] Trying with local server... (user:email)
2025-08-27 20:56:57.999 [info] Exchanging code for token...
2025-08-27 20:56:58.492 [info] Token exchange success!
2025-08-27 20:56:58.494 [info] Getting user info...
2025-08-27 20:56:59.085 [info] Got account info!
2025-08-27 20:56:59.086 [info] Storing 2 sessions...
2025-08-27 20:56:59.093 [info] Reading sessions from keychain...
2025-08-27 20:56:59.094 [info] Stored 2 sessions!
2025-08-27 20:56:59.094 [info] Login success!
2025-08-27 20:56:59.096 [info] Got stored sessions!
2025-08-27 20:56:59.096 [info] Got 2 verified sessions.
2025-08-27 20:56:59.097 [info] Getting sessions for all scopes...
2025-08-27 20:56:59.097 [info] Got 2 sessions for ...
2025-08-27 20:56:59.099 [info] Getting sessions for all scopes...
2025-08-27 20:56:59.099 [info] Got 2 sessions for ...
2025-08-27 20:56:59.103 [info] Getting sessions for user:email...
2025-08-27 20:56:59.103 [info] Got 1 sessions for user:email...
2025-08-27 20:56:59.105 [info] Getting sessions for all scopes...
2025-08-27 20:56:59.105 [info] Got 2 sessions for ...
2025-08-27 20:56:59.147 [info] Getting sessions for codespace,read:user,repo,user:email...
2025-08-27 20:56:59.147 [info] Got 1 sessions for codespace,read:user,repo,user:email...
